-------------------------------------------------------------------------------
Test set: com.ebs.demo.ebsdemo.EBSDemoApplicationTests
-------------------------------------------------------------------------------
Tests run: 1, Failures: 0, Errors: 1, Skipped: 0, Time elapsed: 0.342 s <<< FAILURE! - in com.ebs.demo.ebsdemo.EBSDemoApplicationTests
com.ebs.demo.ebsdemo.EBSDemoApplicationTests  Time elapsed: 0.341 s  <<< ERROR!
java.lang.IllegalStateException: Unable to find a @SpringBootConfiguration, you need to use @ContextConfiguration or @SpringBootTest(classes=...) with your test

