<?xml version="1.0" encoding="UTF-8"?>
<testsuite xmlns:xsi="http://www.w3.org/2001/XMLSchema-instance" xsi:noNamespaceSchemaLocation="https://maven.apache.org/surefire/maven-surefire-plugin/xsd/surefire-test-report.xsd" name="com.ebs.demo.ebsdemo.EBSDemoApplicationTests" time="0.342" tests="1" errors="1" skipped="0" failures="0">
  <properties>
[...]
</properties>
  <testcase name="com.ebs.demo.ebsdemo.EBSDemoApplicationTests" classname="com.ebs.demo.ebsdemo.EBSDemoApplicationTests" time="0.341">
    <error message="Unable to find a @SpringBootConfiguration, you need to use @ContextConfiguration or @SpringBootTest(classes=...) with your test" type="java.lang.IllegalStateException">java.lang.IllegalStateException: Unable to find a @SpringBootConfiguration, you need to use @ContextConfiguration or @SpringBootTest(classes=...) with your test
</error>
    <system-out><![CDATA[14:38:42.689 [main] DEBUG org.springframework.test.context.BootstrapUtils - Instantiating CacheAwareContextLoaderDelegate from class [org.springframework.test.context.cache.DefaultCacheAwareContextLoaderDelegate]
14:38:42.703 [main] DEBUG org.springframework.test.context.BootstrapUtils - Instantiating BootstrapContext using constructor [public org.springframework.test.context.support.DefaultBootstrapContext(java.lang.Class,org.springframework.test.context.CacheAwareContextLoaderDelegate)]
14:38:42.750 [main] DEBUG org.springframework.test.context.BootstrapUtils - Instantiating TestContextBootstrapper for test class [com.ebs.demo.ebsdemo.EBSDemoApplicationTests] from class [org.springframework.boot.test.context.SpringBootTestContextBootstrapper]
14:38:42.763 [main] INFO org.springframework.boot.test.context.SpringBootTestContextBootstrapper - Neither @ContextConfiguration nor @ContextHierarchy found for test class [com.ebs.demo.ebsdemo.EBSDemoApplicationTests], using SpringBootContextLoader
14:38:42.767 [main] DEBUG org.springframework.test.context.support.AbstractContextLoader - Did not detect default resource location for test class [com.ebs.demo.ebsdemo.EBSDemoApplicationTests]: class path resource [com/ebs/demo/ebsdemo/EBSDemoApplicationTests-context.xml] does not exist
14:38:42.768 [main] DEBUG org.springframework.test.context.support.AbstractContextLoader - Did not detect default resource location for test class [com.ebs.demo.ebsdemo.EBSDemoApplicationTests]: class path resource [com/ebs/demo/ebsdemo/EBSDemoApplicationTestsContext.groovy] does not exist
14:38:42.768 [main] INFO org.springframework.test.context.support.AbstractContextLoader - Could not detect default resource locations for test class [com.ebs.demo.ebsdemo.EBSDemoApplicationTests]: no resource found for suffixes {-context.xml, Context.groovy}.
14:38:42.769 [main] INFO org.springframework.test.context.support.AnnotationConfigContextLoaderUtils - Could not detect default configuration classes for test class [com.ebs.demo.ebsdemo.EBSDemoApplicationTests]: EBSDemoApplicationTests does not declare any static, non-private, non-final, nested classes annotated with @Configuration.
14:38:42.824 [main] DEBUG org.springframework.test.context.support.ActiveProfilesUtils - Could not find an 'annotation declaring class' for annotation type [org.springframework.test.context.ActiveProfiles] and class [com.ebs.demo.ebsdemo.EBSDemoApplicationTests]
14:38:42.909 [main] DEBUG org.springframework.test.context.BootstrapUtils - Instantiating CacheAwareContextLoaderDelegate from class [org.springframework.test.context.cache.DefaultCacheAwareContextLoaderDelegate]
14:38:42.909 [main] DEBUG org.springframework.test.context.BootstrapUtils - Instantiating BootstrapContext using constructor [public org.springframework.test.context.support.DefaultBootstrapContext(java.lang.Class,org.springframework.test.context.CacheAwareContextLoaderDelegate)]
14:38:42.911 [main] DEBUG org.springframework.test.context.BootstrapUtils - Instantiating TestContextBootstrapper for test class [com.ebs.demo.ebsdemo.EBSDemoApplicationTests] from class [org.springframework.boot.test.context.SpringBootTestContextBootstrapper]
14:38:42.911 [main] INFO org.springframework.boot.test.context.SpringBootTestContextBootstrapper - Neither @ContextConfiguration nor @ContextHierarchy found for test class [com.ebs.demo.ebsdemo.EBSDemoApplicationTests], using SpringBootContextLoader
14:38:42.912 [main] DEBUG org.springframework.test.context.support.AbstractContextLoader - Did not detect default resource location for test class [com.ebs.demo.ebsdemo.EBSDemoApplicationTests]: class path resource [com/ebs/demo/ebsdemo/EBSDemoApplicationTests-context.xml] does not exist
14:38:42.912 [main] DEBUG org.springframework.test.context.support.AbstractContextLoader - Did not detect default resource location for test class [com.ebs.demo.ebsdemo.EBSDemoApplicationTests]: class path resource [com/ebs/demo/ebsdemo/EBSDemoApplicationTestsContext.groovy] does not exist
14:38:42.913 [main] INFO org.springframework.test.context.support.AbstractContextLoader - Could not detect default resource locations for test class [com.ebs.demo.ebsdemo.EBSDemoApplicationTests]: no resource found for suffixes {-context.xml, Context.groovy}.
14:38:42.913 [main] INFO org.springframework.test.context.support.AnnotationConfigContextLoaderUtils - Could not detect default configuration classes for test class [com.ebs.demo.ebsdemo.EBSDemoApplicationTests]: EBSDemoApplicationTests does not declare any static, non-private, non-final, nested classes annotated with @Configuration.
14:38:42.915 [main] DEBUG org.springframework.test.context.support.ActiveProfilesUtils - Could not find an 'annotation declaring class' for annotation type [org.springframework.test.context.ActiveProfiles] and class [com.ebs.demo.ebsdemo.EBSDemoApplicationTests]
14:38:42.926 [main] DEBUG org.springframework.test.context.BootstrapUtils - Instantiating CacheAwareContextLoaderDelegate from class [org.springframework.test.context.cache.DefaultCacheAwareContextLoaderDelegate]
14:38:42.926 [main] DEBUG org.springframework.test.context.BootstrapUtils - Instantiating BootstrapContext using constructor [public org.springframework.test.context.support.DefaultBootstrapContext(java.lang.Class,org.springframework.test.context.CacheAwareContextLoaderDelegate)]
14:38:42.927 [main] DEBUG org.springframework.test.context.BootstrapUtils - Instantiating TestContextBootstrapper for test class [com.ebs.demo.ebsdemo.EBSDemoApplicationTests] from class [org.springframework.boot.test.context.SpringBootTestContextBootstrapper]
14:38:42.928 [main] INFO org.springframework.boot.test.context.SpringBootTestContextBootstrapper - Neither @ContextConfiguration nor @ContextHierarchy found for test class [com.ebs.demo.ebsdemo.EBSDemoApplicationTests], using SpringBootContextLoader
14:38:42.929 [main] DEBUG org.springframework.test.context.support.AbstractContextLoader - Did not detect default resource location for test class [com.ebs.demo.ebsdemo.EBSDemoApplicationTests]: class path resource [com/ebs/demo/ebsdemo/EBSDemoApplicationTests-context.xml] does not exist
14:38:42.929 [main] DEBUG org.springframework.test.context.support.AbstractContextLoader - Did not detect default resource location for test class [com.ebs.demo.ebsdemo.EBSDemoApplicationTests]: class path resource [com/ebs/demo/ebsdemo/EBSDemoApplicationTestsContext.groovy] does not exist
14:38:42.929 [main] INFO org.springframework.test.context.support.AbstractContextLoader - Could not detect default resource locations for test class [com.ebs.demo.ebsdemo.EBSDemoApplicationTests]: no resource found for suffixes {-context.xml, Context.groovy}.
14:38:42.929 [main] INFO org.springframework.test.context.support.AnnotationConfigContextLoaderUtils - Could not detect default configuration classes for test class [com.ebs.demo.ebsdemo.EBSDemoApplicationTests]: EBSDemoApplicationTests does not declare any static, non-private, non-final, nested classes annotated with @Configuration.
14:38:42.932 [main] DEBUG org.springframework.test.context.support.ActiveProfilesUtils - Could not find an 'annotation declaring class' for annotation type [org.springframework.test.context.ActiveProfiles] and class [com.ebs.demo.ebsdemo.EBSDemoApplicationTests]
]]></system-out>
  </testcase>
</testsuite>